<?xml version="1.0" encoding="UTF-8"?>
<testsuite name="TEST-3062" tests="107" failures="0" errors="0" skipped="0">
    <testcase classname="test.module" name="test_case_1" time="0.001"/>
</testsuite>