<?xml version="1.0" encoding="UTF-8"?>
<testsuite name="TEST-3060" tests="148" failures="2" errors="0" skipped="0">
    <testcase classname="test.module" name="test_case_1" time="0.001"/>
</testsuite>