<?xml version="1.0" encoding="UTF-8"?>
<testsuite name="TEST-2021" tests="111" failures="0" errors="0" skipped="0">
    <testcase classname="test.module" name="test_feature_1" time="0.001"/>
    <testcase classname="test.module" name="test_feature_2" time="0.002"/>
</testsuite>
